<?xml version="1.0" encoding="UTF-8"?>
<!-- Generated by org.testng.reporters.JUnitReportReporter -->
<testsuite hostname="Omar" failures="0" tests="9" name="TestMosafer" time="41.022" errors="0" timestamp="2024-10-30T18:17:26 GMT+03:00" skipped="0">
  <testcase classname="TestMosafer" name="EnglishLanguage" time="0.024"/>
  <system-out/>
  <testcase classname="TestMosafer" name="CheckTheCurrency" time="0.020"/>
  <system-out/>
  <testcase classname="TestMosafer" name="CheckTheContactNumber" time="0.018"/>
  <system-out/>
  <testcase classname="TestMosafer" name="CheckTheLogo" time="0.022"/>
  <system-out/>
  <testcase classname="TestMosafer" name="TestHotelSearchTab" time="0.181"/>
  <system-out/>
  <testcase classname="TestMosafer" name="TestDepartureTime" time="0.034"/>
  <system-out/>
  <testcase classname="TestMosafer" name="TestReturnDate" time="0.015"/>
  <system-out/>
  <testcase classname="TestMosafer" name="RandomChecksForLanguageAndInputs" time="10.666"/>
  <system-out/>
  <testcase classname="TestMosafer" name="SearchResultPage" time="30.042"/>
  <system-out/>
</testsuite> <!-- TestMosafer -->
