<?xml version="1.0" encoding="UTF-8"?>
<!-- Generated by org.testng.reporters.JUnitReportReporter -->
<testsuite hostname="Omar" failures="0" tests="7" name="TestMosafer" time="0.594" errors="0" timestamp="2024-10-29T18:15:34 GMT+03:00" skipped="0">
  <testcase classname="TestMosafer" name="EnglishLanguage" time="0.034"/>
  <system-out/>
  <testcase classname="TestMosafer" name="CheckTheCurrency" time="0.033"/>
  <system-out/>
  <testcase classname="TestMosafer" name="CheckTheContactNumber" time="0.107"/>
  <system-out/>
  <testcase classname="TestMosafer" name="CheckTheLogo" time="0.183"/>
  <system-out/>
  <testcase classname="TestMosafer" name="TestHotelSearchTab" time="0.107"/>
  <system-out/>
  <testcase classname="TestMosafer" name="TestDepartureTime" time="0.020"/>
  <system-out/>
  <testcase classname="TestMosafer" name="TestReturnDate" time="0.110"/>
  <system-out/>
</testsuite> <!-- TestMosafer -->
