<?xml version="1.0" encoding="UTF-8"?>
<!-- Generated by org.testng.reporters.JUnitReportReporter -->
<testsuite hostname="Omar" failures="0" tests="10" name="TestMosafer" time="45.646" errors="0" timestamp="2024-11-17T22:02:18 GMT+03:00" skipped="0">
  <testcase classname="TestMosafer" name="EnglishLanguage" time="0.027"/>
  <system-out/>
  <testcase classname="TestMosafer" name="CheckTheCurrency" time="0.023"/>
  <system-out/>
  <testcase classname="TestMosafer" name="CheckTheContactNumber" time="0.021"/>
  <system-out/>
  <testcase classname="TestMosafer" name="CheckTheLogo" time="0.020"/>
  <system-out/>
  <testcase classname="TestMosafer" name="TestHotelSearchTab" time="0.184"/>
  <system-out/>
  <testcase classname="TestMosafer" name="TestDepartureTime" time="0.020"/>
  <system-out/>
  <testcase classname="TestMosafer" name="TestReturnDate" time="0.014"/>
  <system-out/>
  <testcase classname="TestMosafer" name="RandomChecksForLanguageAndInputs" time="10.424"/>
  <system-out/>
  <testcase classname="TestMosafer" name="SearchResultPage" time="30.027"/>
  <system-out/>
  <testcase classname="TestMosafer" name="SortingOptions" time="4.886"/>
  <system-out/>
</testsuite> <!-- TestMosafer -->
