<?xml version="1.0" encoding="UTF-8"?>
<!-- Generated by org.testng.reporters.JUnitReportReporter -->
<testsuite hostname="Omar" failures="0" tests="12" name="TestMosafer" time="12.874" errors="0" timestamp="2024-10-29T19:20:40 GMT+03:00" skipped="0">
  <testcase classname="TestMosafer" name="EnglishLanguage" time="0.021"/>
  <system-out/>
  <testcase classname="TestMosafer" name="CheckTheCurrency" time="0.027"/>
  <system-out/>
  <testcase classname="TestMosafer" name="CheckTheContactNumber" time="0.017"/>
  <system-out/>
  <testcase classname="TestMosafer" name="CheckTheLogo" time="0.019"/>
  <system-out/>
  <testcase classname="TestMosafer" name="TestHotelSearchTab" time="0.176"/>
  <system-out/>
  <testcase classname="TestMosafer" name="TestDepartureTime" time="0.014"/>
  <system-out/>
  <testcase classname="TestMosafer" name="TestReturnDate" time="0.023"/>
  <system-out/>
  <testcase classname="TestMosafer" name="RandomLanguage" time="2.643"/>
  <system-out/>
  <testcase classname="TestMosafer" name="RandomLanguage" time="2.351"/>
  <system-out/>
  <testcase classname="TestMosafer" name="RandomLanguage" time="2.507"/>
  <system-out/>
  <testcase classname="TestMosafer" name="RandomLanguage" time="2.469"/>
  <system-out/>
  <testcase classname="TestMosafer" name="RandomLanguage" time="2.607"/>
  <system-out/>
</testsuite> <!-- TestMosafer -->
