<?xml version="1.0" encoding="UTF-8"?>
<!-- Generated by org.testng.reporters.JUnitReportReporter -->
<testsuite hostname="Omar" failures="0" tests="10" name="TestMosafer" time="46.729" errors="0" timestamp="2024-11-19T18:38:41 GMT+03:00" skipped="0">
  <testcase classname="TestMosafer" name="EnglishLanguage" time="0.042"/>
  <system-out/>
  <testcase classname="TestMosafer" name="CheckTheCurrency" time="2.307"/>
  <system-out/>
  <testcase classname="TestMosafer" name="CheckTheContactNumber" time="0.021"/>
  <system-out/>
  <testcase classname="TestMosafer" name="CheckTheLogo" time="0.024"/>
  <system-out/>
  <testcase classname="TestMosafer" name="TestHotelSearchTab" time="0.018"/>
  <system-out/>
  <testcase classname="TestMosafer" name="TestDepartureTime" time="0.013"/>
  <system-out/>
  <testcase classname="TestMosafer" name="TestReturnDate" time="0.012"/>
  <system-out/>
  <testcase classname="TestMosafer" name="RandomChecksForLanguageAndInputs" time="9.488"/>
  <system-out/>
  <testcase classname="TestMosafer" name="SearchResultPage" time="30.035"/>
  <system-out/>
  <testcase classname="TestMosafer" name="SortingOptions" time="4.769"/>
  <system-out/>
</testsuite> <!-- TestMosafer -->
