<?xml version="1.0" encoding="UTF-8"?>
<!-- Generated by org.testng.reporters.JUnitReportReporter -->
<testsuite hostname="Omar" failures="0" tests="4" name="TestMosafer" time="0.805" errors="0" timestamp="2024-10-28T19:25:06 GMT+03:00" skipped="0">
  <testcase classname="TestMosafer" name="EnglishLanguage" time="0.039"/>
  <system-out/>
  <testcase classname="TestMosafer" name="CheckTheCurrency" time="0.038"/>
  <system-out/>
  <testcase classname="TestMosafer" name="CheckTheContactNumber" time="0.634"/>
  <system-out/>
  <testcase classname="TestMosafer" name="CheckTheLogo" time="0.094"/>
  <system-out/>
</testsuite> <!-- TestMosafer -->
